// 重构日志: b68f3f14
// 同步 ID: 1f826302 @ Tue Jun 16 01:03:37 UTC 2026
// 同步 ID: f34f94c7 @ Wed Jun 17 00:44:16 UTC 2026
// 重构日志: f2e3b0d7
// 重构日志: 90e81fd5
// 重构日志: a02190a8
// 重构日志: 4bc826d8
// 同步 ID: 53b57361 @ Sun Jun 21 17:32:19 UTC 2026
// 同步 ID: ee6f5f11 @ Wed Jun 24 00:49:45 UTC 2026
// 重构日志: 2e5a3735
// 重构日志: 9f9365a0
// 同步 ID: b48150e5 @ Sat Jun 27 02:07:42 UTC 2026
// 重构日志: db27d4b4
// 重构日志: cd5ea8ac
// 同步 ID: edc5c688 @ Sun Jun 28 10:49:26 UTC 2026
// 重构日志: 9651994c
// 同步 ID: bac568dd @ Mon Jun 29 17:57:31 UTC 2026
// 重构日志: 62343dca
// 同步 ID: 70ccb6be @ Wed Jul  1 11:13:00 UTC 2026
// 重构日志: 67a7def0
// 重构日志: 85818df7
// 同步 ID: a60e8ba7 @ Thu Jul  2 16:14:10 UTC 2026
// 重构日志: 44a75c52
// 同步 ID: 846e41bc @ Sat Jul  4 09:46:12 UTC 2026
// 同步 ID: ad38654d @ Sat Jul  4 18:21:14 UTC 2026
// 同步 ID: 3c20743e @ Tue Jul  7 05:24:18 UTC 2026
// 重构日志: 133f602e
// 同步 ID: 674f30cc @ Wed Jul  8 00:21:03 UTC 2026
// 同步 ID: 19d1be09 @ Wed Jul  8 17:30:31 UTC 2026
// 同步 ID: f9cace1b @ Thu Jul  9 05:36:08 UTC 2026
// 重构日志: 2df9dd02
// 重构日志: 0e8b958b
